<?xml version="1.0" encoding="UTF-8"?>
<!-- Generated by org.testng.reporters.JUnitXMLReporter -->
<testsuite hostname="LAPTOP-8B3PK758" name="Test" tests="3" failures="0" timestamp="31 Jan 2020 12:32:52 GMT" time="8.858" errors="0">
  <testcase name="addDataTest" time="4.207" classname="com.api.testScripts.AddDataTest"/>
  <testcase name="fetchUserIdTest" time="2.907" classname="com.api.testScripts.FetchUserIdTest"/>
  <testcase name="fetchAllCountryTest" time="1.696" classname="com.api.testScripts.FetchAllCountryTest"/>
</testsuite> <!-- Test -->
